[Mon Jun 08 09:21:41.305758 2026] [ssl:warn] [pid 4936:tid 388] AH01909: www.example.com:443:0 server certificate does NOT include an ID which matches the server name
[Mon Jun 08 09:21:41.350698 2026] [ssl:warn] [pid 4936:tid 388] AH01909: www.example.com:443:0 server certificate does NOT include an ID which matches the server name
[Mon Jun 08 09:21:41.632374 2026] [mpm_winnt:notice] [pid 4936:tid 388] AH00455: Apache/2.4.58 (Win64) OpenSSL/3.1.3 PHP/8.2.12 configured -- resuming normal operations
[Mon Jun 08 09:21:41.632374 2026] [mpm_winnt:notice] [pid 4936:tid 388] AH00456: Apache Lounge VS17 Server built: Oct 18 2023 13:03:18
[Mon Jun 08 09:21:41.632374 2026] [core:notice] [pid 4936:tid 388] AH00094: Command line: 'c:\\users\\luissaavaz\\desktop\\efdesarrolloweb\\servidor\\apache\\bin\\httpd.exe -d C:/Users/luissaavaz/Desktop/efdesarrolloweb/Servidor/apache'
[Mon Jun 08 09:21:41.632374 2026] [mpm_winnt:notice] [pid 4936:tid 388] AH00418: Parent: Created child process 15724
[Mon Jun 08 09:21:41.901453 2026] [ssl:warn] [pid 15724:tid 352] AH01909: www.example.com:443:0 server certificate does NOT include an ID which matches the server name
[Mon Jun 08 09:21:41.946890 2026] [ssl:warn] [pid 15724:tid 352] AH01909: www.example.com:443:0 server certificate does NOT include an ID which matches the server name
[Mon Jun 08 09:21:41.977157 2026] [mpm_winnt:notice] [pid 15724:tid 352] AH00354: Child: Starting 150 worker threads.
[Mon Jun 08 09:43:44.432645 2026] [php:error] [pid 15724:tid 1912] [client ::1:59023] PHP Fatal error:  Uncaught ArgumentCountError: password_hash() expects at least 2 arguments, 1 given in C:\\Users\\luissaavaz\\Desktop\\efdesarrolloweb\\Servidor\\htdocs\\encriptar\\1.php:8\nStack trace:\n#0 C:\\Users\\luissaavaz\\Desktop\\efdesarrolloweb\\Servidor\\htdocs\\encriptar\\1.php(8): password_hash(Object(SensitiveParameterValue))\n#1 {main}\n  thrown in C:\\Users\\luissaavaz\\Desktop\\efdesarrolloweb\\Servidor\\htdocs\\encriptar\\1.php on line 8
[Mon Jun 08 10:22:46.404410 2026] [php:warn] [pid 15724:tid 1912] [client ::1:65034] PHP Warning:  Undefined array key "descripcion" in C:\\Users\\luissaavaz\\Desktop\\efdesarrolloweb\\Servidor\\htdocs\\variables\\grabaProductos.php on line 4, referer: http://localhost/encriptar/2.php
[Mon Jun 08 10:22:46.404410 2026] [php:warn] [pid 15724:tid 1912] [client ::1:65034] PHP Warning:  Undefined array key "precio" in C:\\Users\\luissaavaz\\Desktop\\efdesarrolloweb\\Servidor\\htdocs\\variables\\grabaProductos.php on line 5, referer: http://localhost/encriptar/2.php
[Mon Jun 08 10:22:46.406299 2026] [php:error] [pid 15724:tid 1912] [client ::1:65034] PHP Fatal error:  Uncaught mysqli_sql_exception: Unknown database 'primera' in C:\\Users\\luissaavaz\\Desktop\\efdesarrolloweb\\Servidor\\htdocs\\variables\\grabaProductos.php:8\nStack trace:\n#0 C:\\Users\\luissaavaz\\Desktop\\efdesarrolloweb\\Servidor\\htdocs\\variables\\grabaProductos.php(8): mysqli->__construct('localhost', 'root', Object(SensitiveParameterValue), 'primera')\n#1 {main}\n  thrown in C:\\Users\\luissaavaz\\Desktop\\efdesarrolloweb\\Servidor\\htdocs\\variables\\grabaProductos.php on line 8, referer: http://localhost/encriptar/2.php
[Mon Jun 08 10:24:03.530605 2026] [php:warn] [pid 15724:tid 1912] [client ::1:49748] PHP Warning:  Undefined array key "descripcion" in C:\\Users\\luissaavaz\\Desktop\\efdesarrolloweb\\Servidor\\htdocs\\variables\\grabaProductos.php on line 4, referer: http://localhost/encriptar/2.php
[Mon Jun 08 10:24:03.530605 2026] [php:warn] [pid 15724:tid 1912] [client ::1:49748] PHP Warning:  Undefined array key "precio" in C:\\Users\\luissaavaz\\Desktop\\efdesarrolloweb\\Servidor\\htdocs\\variables\\grabaProductos.php on line 5, referer: http://localhost/encriptar/2.php
[Mon Jun 08 10:24:03.545663 2026] [php:error] [pid 15724:tid 1912] [client ::1:49748] PHP Fatal error:  Uncaught mysqli_sql_exception: Unknown database 'primera' in C:\\Users\\luissaavaz\\Desktop\\efdesarrolloweb\\Servidor\\htdocs\\variables\\grabaProductos.php:8\nStack trace:\n#0 C:\\Users\\luissaavaz\\Desktop\\efdesarrolloweb\\Servidor\\htdocs\\variables\\grabaProductos.php(8): mysqli->__construct('localhost', 'root', Object(SensitiveParameterValue), 'primera')\n#1 {main}\n  thrown in C:\\Users\\luissaavaz\\Desktop\\efdesarrolloweb\\Servidor\\htdocs\\variables\\grabaProductos.php on line 8, referer: http://localhost/encriptar/2.php
[Mon Jun 08 10:24:25.304562 2026] [php:warn] [pid 15724:tid 1912] [client ::1:52081] PHP Warning:  Undefined array key "nombre_cli" in C:\\Users\\luissaavaz\\Desktop\\efdesarrolloweb\\Servidor\\htdocs\\encriptar\\2.php on line 7, referer: http://localhost/encriptar/2.php
[Mon Jun 08 10:24:25.304562 2026] [php:warn] [pid 15724:tid 1912] [client ::1:52081] PHP Warning:  Undefined array key "email_cli" in C:\\Users\\luissaavaz\\Desktop\\efdesarrolloweb\\Servidor\\htdocs\\encriptar\\2.php on line 9, referer: http://localhost/encriptar/2.php
[Mon Jun 08 10:24:25.305560 2026] [php:warn] [pid 15724:tid 1912] [client ::1:52081] PHP Warning:  Undefined array key "password_cli" in C:\\Users\\luissaavaz\\Desktop\\efdesarrolloweb\\Servidor\\htdocs\\encriptar\\2.php on line 11, referer: http://localhost/encriptar/2.php
[Mon Jun 08 10:24:25.360876 2026] [php:error] [pid 15724:tid 1912] [client ::1:52081] PHP Fatal error:  Uncaught mysqli_sql_exception: Table 'lunes8.clases' doesn't exist in C:\\Users\\luissaavaz\\Desktop\\efdesarrolloweb\\Servidor\\htdocs\\encriptar\\2.php:17\nStack trace:\n#0 C:\\Users\\luissaavaz\\Desktop\\efdesarrolloweb\\Servidor\\htdocs\\encriptar\\2.php(17): mysqli->query('INSERT INTO cla...')\n#1 {main}\n  thrown in C:\\Users\\luissaavaz\\Desktop\\efdesarrolloweb\\Servidor\\htdocs\\encriptar\\2.php on line 17, referer: http://localhost/encriptar/2.php
[Mon Jun 08 10:25:05.510726 2026] [php:error] [pid 15724:tid 1912] [client ::1:62107] PHP Fatal error:  Uncaught mysqli_sql_exception: Table 'lunes8.clases' doesn't exist in C:\\Users\\luissaavaz\\Desktop\\efdesarrolloweb\\Servidor\\htdocs\\encriptar\\2.php:17\nStack trace:\n#0 C:\\Users\\luissaavaz\\Desktop\\efdesarrolloweb\\Servidor\\htdocs\\encriptar\\2.php(17): mysqli->query('INSERT INTO cla...')\n#1 {main}\n  thrown in C:\\Users\\luissaavaz\\Desktop\\efdesarrolloweb\\Servidor\\htdocs\\encriptar\\2.php on line 17, referer: http://localhost/encriptar/2.php
[Mon Jun 08 10:25:29.833040 2026] [php:error] [pid 15724:tid 1912] [client ::1:65221] PHP Fatal error:  Uncaught mysqli_sql_exception: Unknown column 'nombre_cli' in 'field list' in C:\\Users\\luissaavaz\\Desktop\\efdesarrolloweb\\Servidor\\htdocs\\encriptar\\2.php:17\nStack trace:\n#0 C:\\Users\\luissaavaz\\Desktop\\efdesarrolloweb\\Servidor\\htdocs\\encriptar\\2.php(17): mysqli->query('INSERT INTO cli...')\n#1 {main}\n  thrown in C:\\Users\\luissaavaz\\Desktop\\efdesarrolloweb\\Servidor\\htdocs\\encriptar\\2.php on line 17, referer: http://localhost/encriptar/2.php
[Mon Jun 08 12:34:57.204143 2026] [php:error] [pid 15724:tid 1900] [client ::1:60968] PHP Fatal error:  Uncaught mysqli_sql_exception: Unknown column 'email' in 'where clause' in C:\\Users\\luissaavaz\\Desktop\\efdesarrolloweb\\Servidor\\htdocs\\encriptar\\login.php:14\nStack trace:\n#0 C:\\Users\\luissaavaz\\Desktop\\efdesarrolloweb\\Servidor\\htdocs\\encriptar\\login.php(14): mysqli->query('SELECT * FROM c...')\n#1 {main}\n  thrown in C:\\Users\\luissaavaz\\Desktop\\efdesarrolloweb\\Servidor\\htdocs\\encriptar\\login.php on line 14, referer: http://localhost/encriptar/login.html
[Mon Jun 08 12:36:27.294392 2026] [php:error] [pid 15724:tid 1900] [client ::1:64270] script 'C:/Users/luissaavaz/Desktop/efdesarrolloweb/Servidor/htdocs/encriptar/privado.php' not found or unable to stat, referer: http://localhost/encriptar/login.html
[Mon Jun 08 13:37:05.437443 2026] [php:error] [pid 15724:tid 1912] [client ::1:53659] PHP Parse error:  syntax error, unexpected token "}", expecting "," or ";" in C:\\Users\\luissaavaz\\Desktop\\efdesarrolloweb\\Servidor\\htdocs\\encriptar\\login.php on line 33
[Mon Jun 08 13:37:29.314296 2026] [php:warn] [pid 15724:tid 1900] [client ::1:49309] PHP Warning:  Undefined array key "email" in C:\\Users\\luissaavaz\\Desktop\\efdesarrolloweb\\Servidor\\htdocs\\encriptar\\login.php on line 3
[Mon Jun 08 13:37:29.314296 2026] [php:warn] [pid 15724:tid 1900] [client ::1:49309] PHP Warning:  Undefined array key "password" in C:\\Users\\luissaavaz\\Desktop\\efdesarrolloweb\\Servidor\\htdocs\\encriptar\\login.php on line 5
[Tue Jun 09 09:04:13.009999 2026] [ssl:warn] [pid 11860:tid 352] AH01909: www.example.com:443:0 server certificate does NOT include an ID which matches the server name
[Tue Jun 09 09:04:13.045944 2026] [core:warn] [pid 11860:tid 352] AH00098: pid file C:/Users/luissaavaz/Desktop/efdesarrolloweb/Servidor/apache/logs/httpd.pid overwritten -- Unclean shutdown of previous Apache run?
[Tue Jun 09 09:04:13.054453 2026] [ssl:warn] [pid 11860:tid 352] AH01909: www.example.com:443:0 server certificate does NOT include an ID which matches the server name
[Tue Jun 09 09:04:13.147729 2026] [mpm_winnt:notice] [pid 11860:tid 352] AH00455: Apache/2.4.58 (Win64) OpenSSL/3.1.3 PHP/8.2.12 configured -- resuming normal operations
[Tue Jun 09 09:04:13.147729 2026] [mpm_winnt:notice] [pid 11860:tid 352] AH00456: Apache Lounge VS17 Server built: Oct 18 2023 13:03:18
[Tue Jun 09 09:04:13.147729 2026] [core:notice] [pid 11860:tid 352] AH00094: Command line: 'c:\\users\\luissaavaz\\desktop\\efdesarrolloweb\\servidor\\apache\\bin\\httpd.exe -d C:/Users/luissaavaz/Desktop/efdesarrolloweb/Servidor/apache'
[Tue Jun 09 09:04:13.150235 2026] [mpm_winnt:notice] [pid 11860:tid 352] AH00418: Parent: Created child process 10740
[Tue Jun 09 09:04:13.427822 2026] [ssl:warn] [pid 10740:tid 360] AH01909: www.example.com:443:0 server certificate does NOT include an ID which matches the server name
[Tue Jun 09 09:04:13.472801 2026] [ssl:warn] [pid 10740:tid 360] AH01909: www.example.com:443:0 server certificate does NOT include an ID which matches the server name
[Tue Jun 09 09:04:13.509338 2026] [mpm_winnt:notice] [pid 10740:tid 360] AH00354: Child: Starting 150 worker threads.
[Tue Jun 09 09:28:37.197673 2026] [php:error] [pid 10740:tid 1908] [client ::1:56987] PHP Fatal error:  Uncaught Error: Call to undefined function menu() in C:\\Users\\luissaavaz\\Desktop\\efdesarrolloweb\\Servidor\\htdocs\\funciones\\doc1.php:10\nStack trace:\n#0 {main}\n  thrown in C:\\Users\\luissaavaz\\Desktop\\efdesarrolloweb\\Servidor\\htdocs\\funciones\\doc1.php on line 10
[Tue Jun 09 10:23:24.418859 2026] [php:error] [pid 10740:tid 1908] [client ::1:52593] PHP Fatal error:  Uncaught mysqli_sql_exception: Access denied for user 'clase'@'EFMALA01' (using password: NO) in C:\\Users\\luissaavaz\\Desktop\\efdesarrolloweb\\Servidor\\htdocs\\funciones\\registro.php:5\nStack trace:\n#0 C:\\Users\\luissaavaz\\Desktop\\efdesarrolloweb\\Servidor\\htdocs\\funciones\\registro.php(5): mysqli->__construct('10.10.10.160', 'clase', Object(SensitiveParameterValue), 'martes9')\n#1 {main}\n  thrown in C:\\Users\\luissaavaz\\Desktop\\efdesarrolloweb\\Servidor\\htdocs\\funciones\\registro.php on line 5
[Tue Jun 09 10:47:30.044784 2026] [php:notice] [pid 10740:tid 1908] [client ::1:50301] PHP Notice:  session_start(): Ignoring session_start() because a session is already active in C:\\Users\\luissaavaz\\Desktop\\efdesarrolloweb\\Servidor\\htdocs\\funciones\\entrar.php on line 33, referer: http://localhost/funciones/entrar.php
[Tue Jun 09 10:52:31.205208 2026] [php:notice] [pid 10740:tid 1908] [client ::1:52657] PHP Notice:  session_start(): Ignoring session_start() because a session is already active in C:\\Users\\luissaavaz\\Desktop\\efdesarrolloweb\\Servidor\\htdocs\\funciones\\entrar.php on line 33, referer: http://localhost/funciones/entrar.php
[Tue Jun 09 11:00:50.294323 2026] [php:warn] [pid 10740:tid 1908] [client ::1:60798] PHP Warning:  Undefined variable $nomper in C:\\Users\\luissaavaz\\Desktop\\efdesarrolloweb\\Servidor\\htdocs\\funciones\\perfil.php on line 10
[Tue Jun 09 11:00:50.294323 2026] [php:warn] [pid 10740:tid 1908] [client ::1:60798] PHP Warning:  Undefined array key "" in C:\\Users\\luissaavaz\\Desktop\\efdesarrolloweb\\Servidor\\htdocs\\funciones\\perfil.php on line 10
[Tue Jun 09 11:00:50.294323 2026] [php:warn] [pid 10740:tid 1908] [client ::1:60798] PHP Warning:  Undefined variable $emailper in C:\\Users\\luissaavaz\\Desktop\\efdesarrolloweb\\Servidor\\htdocs\\funciones\\perfil.php on line 11
[Tue Jun 09 11:00:50.294323 2026] [php:warn] [pid 10740:tid 1908] [client ::1:60798] PHP Warning:  Undefined array key "" in C:\\Users\\luissaavaz\\Desktop\\efdesarrolloweb\\Servidor\\htdocs\\funciones\\perfil.php on line 11
[Tue Jun 09 12:01:21.218033 2026] [php:warn] [pid 10740:tid 1908] [client ::1:57855] PHP Warning:  Undefined array key "cerrar_sesion" in C:\\Users\\luissaavaz\\Desktop\\efdesarrolloweb\\Servidor\\htdocs\\funciones\\salir.php on line 5, referer: http://localhost/funciones/salir.php
[Tue Jun 09 12:01:32.349694 2026] [php:warn] [pid 10740:tid 1908] [client ::1:62925] PHP Warning:  Undefined array key "cerrar_sesion" in C:\\Users\\luissaavaz\\Desktop\\efdesarrolloweb\\Servidor\\htdocs\\funciones\\salir.php on line 5
[Tue Jun 09 12:01:34.124780 2026] [php:warn] [pid 10740:tid 1908] [client ::1:62925] PHP Warning:  Undefined array key "cerrar_sesion" in C:\\Users\\luissaavaz\\Desktop\\efdesarrolloweb\\Servidor\\htdocs\\funciones\\salir.php on line 5
[Tue Jun 09 12:02:12.897193 2026] [php:warn] [pid 10740:tid 1908] [client ::1:62173] PHP Warning:  Undefined array key "cerrar_sesion" in C:\\Users\\luissaavaz\\Desktop\\efdesarrolloweb\\Servidor\\htdocs\\funciones\\salir.php on line 5
[Tue Jun 09 12:37:13.672445 2026] [php:warn] [pid 10740:tid 1908] [client ::1:54931] PHP Warning:  Undefined array key "id_cla" in C:\\Users\\luissaavaz\\Desktop\\efdesarrolloweb\\Servidor\\htdocs\\funciones\\direcciones.php on line 72, referer: http://localhost/funciones/perfil.php
[Tue Jun 09 12:37:13.672445 2026] [php:warn] [pid 10740:tid 1908] [client ::1:54931] PHP Warning:  Undefined array key "nom_dir" in C:\\Users\\luissaavaz\\Desktop\\efdesarrolloweb\\Servidor\\htdocs\\funciones\\direcciones.php on line 73, referer: http://localhost/funciones/perfil.php
[Tue Jun 09 12:37:13.672445 2026] [php:warn] [pid 10740:tid 1908] [client ::1:54931] PHP Warning:  Undefined array key "id_cla" in C:\\Users\\luissaavaz\\Desktop\\efdesarrolloweb\\Servidor\\htdocs\\funciones\\direcciones.php on line 72, referer: http://localhost/funciones/perfil.php
[Tue Jun 09 12:37:13.672445 2026] [php:warn] [pid 10740:tid 1908] [client ::1:54931] PHP Warning:  Undefined array key "nom_dir" in C:\\Users\\luissaavaz\\Desktop\\efdesarrolloweb\\Servidor\\htdocs\\funciones\\direcciones.php on line 73, referer: http://localhost/funciones/perfil.php
[Tue Jun 09 12:37:13.672445 2026] [php:warn] [pid 10740:tid 1908] [client ::1:54931] PHP Warning:  Undefined array key "id_cla" in C:\\Users\\luissaavaz\\Desktop\\efdesarrolloweb\\Servidor\\htdocs\\funciones\\direcciones.php on line 72, referer: http://localhost/funciones/perfil.php
[Tue Jun 09 12:37:13.672445 2026] [php:warn] [pid 10740:tid 1908] [client ::1:54931] PHP Warning:  Undefined array key "nom_dir" in C:\\Users\\luissaavaz\\Desktop\\efdesarrolloweb\\Servidor\\htdocs\\funciones\\direcciones.php on line 73, referer: http://localhost/funciones/perfil.php
[Tue Jun 09 12:37:13.672445 2026] [php:warn] [pid 10740:tid 1908] [client ::1:54931] PHP Warning:  Undefined array key "id_cla" in C:\\Users\\luissaavaz\\Desktop\\efdesarrolloweb\\Servidor\\htdocs\\funciones\\direcciones.php on line 72, referer: http://localhost/funciones/perfil.php
[Tue Jun 09 12:37:13.672445 2026] [php:warn] [pid 10740:tid 1908] [client ::1:54931] PHP Warning:  Undefined array key "nom_dir" in C:\\Users\\luissaavaz\\Desktop\\efdesarrolloweb\\Servidor\\htdocs\\funciones\\direcciones.php on line 73, referer: http://localhost/funciones/perfil.php
[Tue Jun 09 12:37:13.672445 2026] [php:warn] [pid 10740:tid 1908] [client ::1:54931] PHP Warning:  Undefined array key "id_cla" in C:\\Users\\luissaavaz\\Desktop\\efdesarrolloweb\\Servidor\\htdocs\\funciones\\direcciones.php on line 72, referer: http://localhost/funciones/perfil.php
[Tue Jun 09 12:37:13.672445 2026] [php:warn] [pid 10740:tid 1908] [client ::1:54931] PHP Warning:  Undefined array key "nom_dir" in C:\\Users\\luissaavaz\\Desktop\\efdesarrolloweb\\Servidor\\htdocs\\funciones\\direcciones.php on line 73, referer: http://localhost/funciones/perfil.php
[Tue Jun 09 12:37:13.672445 2026] [php:warn] [pid 10740:tid 1908] [client ::1:54931] PHP Warning:  Undefined array key "id_cla" in C:\\Users\\luissaavaz\\Desktop\\efdesarrolloweb\\Servidor\\htdocs\\funciones\\direcciones.php on line 72, referer: http://localhost/funciones/perfil.php
[Tue Jun 09 12:37:13.672445 2026] [php:warn] [pid 10740:tid 1908] [client ::1:54931] PHP Warning:  Undefined array key "nom_dir" in C:\\Users\\luissaavaz\\Desktop\\efdesarrolloweb\\Servidor\\htdocs\\funciones\\direcciones.php on line 73, referer: http://localhost/funciones/perfil.php
[Tue Jun 09 12:37:13.672445 2026] [php:warn] [pid 10740:tid 1908] [client ::1:54931] PHP Warning:  Undefined array key "id_cla" in C:\\Users\\luissaavaz\\Desktop\\efdesarrolloweb\\Servidor\\htdocs\\funciones\\direcciones.php on line 72, referer: http://localhost/funciones/perfil.php
[Tue Jun 09 12:37:13.672445 2026] [php:warn] [pid 10740:tid 1908] [client ::1:54931] PHP Warning:  Undefined array key "nom_dir" in C:\\Users\\luissaavaz\\Desktop\\efdesarrolloweb\\Servidor\\htdocs\\funciones\\direcciones.php on line 73, referer: http://localhost/funciones/perfil.php
[Tue Jun 09 12:37:13.672445 2026] [php:warn] [pid 10740:tid 1908] [client ::1:54931] PHP Warning:  Undefined array key "id_cla" in C:\\Users\\luissaavaz\\Desktop\\efdesarrolloweb\\Servidor\\htdocs\\funciones\\direcciones.php on line 72, referer: http://localhost/funciones/perfil.php
[Tue Jun 09 12:37:13.672445 2026] [php:warn] [pid 10740:tid 1908] [client ::1:54931] PHP Warning:  Undefined array key "nom_dir" in C:\\Users\\luissaavaz\\Desktop\\efdesarrolloweb\\Servidor\\htdocs\\funciones\\direcciones.php on line 73, referer: http://localhost/funciones/perfil.php
[Tue Jun 09 12:37:13.672445 2026] [php:warn] [pid 10740:tid 1908] [client ::1:54931] PHP Warning:  Undefined array key "id_cla" in C:\\Users\\luissaavaz\\Desktop\\efdesarrolloweb\\Servidor\\htdocs\\funciones\\direcciones.php on line 72, referer: http://localhost/funciones/perfil.php
[Tue Jun 09 12:37:13.672445 2026] [php:warn] [pid 10740:tid 1908] [client ::1:54931] PHP Warning:  Undefined array key "nom_dir" in C:\\Users\\luissaavaz\\Desktop\\efdesarrolloweb\\Servidor\\htdocs\\funciones\\direcciones.php on line 73, referer: http://localhost/funciones/perfil.php
[Tue Jun 09 12:37:13.672445 2026] [php:warn] [pid 10740:tid 1908] [client ::1:54931] PHP Warning:  Undefined array key "id_cla" in C:\\Users\\luissaavaz\\Desktop\\efdesarrolloweb\\Servidor\\htdocs\\funciones\\direcciones.php on line 72, referer: http://localhost/funciones/perfil.php
[Tue Jun 09 12:37:13.672445 2026] [php:warn] [pid 10740:tid 1908] [client ::1:54931] PHP Warning:  Undefined array key "nom_dir" in C:\\Users\\luissaavaz\\Desktop\\efdesarrolloweb\\Servidor\\htdocs\\funciones\\direcciones.php on line 73, referer: http://localhost/funciones/perfil.php
[Tue Jun 09 12:37:13.672445 2026] [php:warn] [pid 10740:tid 1908] [client ::1:54931] PHP Warning:  Undefined array key "id_cla" in C:\\Users\\luissaavaz\\Desktop\\efdesarrolloweb\\Servidor\\htdocs\\funciones\\direcciones.php on line 72, referer: http://localhost/funciones/perfil.php
[Tue Jun 09 12:37:13.672445 2026] [php:warn] [pid 10740:tid 1908] [client ::1:54931] PHP Warning:  Undefined array key "nom_dir" in C:\\Users\\luissaavaz\\Desktop\\efdesarrolloweb\\Servidor\\htdocs\\funciones\\direcciones.php on line 73, referer: http://localhost/funciones/perfil.php
[Tue Jun 09 12:37:13.672445 2026] [php:warn] [pid 10740:tid 1908] [client ::1:54931] PHP Warning:  Undefined array key "id_cla" in C:\\Users\\luissaavaz\\Desktop\\efdesarrolloweb\\Servidor\\htdocs\\funciones\\direcciones.php on line 72, referer: http://localhost/funciones/perfil.php
[Tue Jun 09 12:37:13.672445 2026] [php:warn] [pid 10740:tid 1908] [client ::1:54931] PHP Warning:  Undefined array key "nom_dir" in C:\\Users\\luissaavaz\\Desktop\\efdesarrolloweb\\Servidor\\htdocs\\funciones\\direcciones.php on line 73, referer: http://localhost/funciones/perfil.php
[Tue Jun 09 12:37:13.672445 2026] [php:warn] [pid 10740:tid 1908] [client ::1:54931] PHP Warning:  Undefined array key "id_cla" in C:\\Users\\luissaavaz\\Desktop\\efdesarrolloweb\\Servidor\\htdocs\\funciones\\direcciones.php on line 72, referer: http://localhost/funciones/perfil.php
[Tue Jun 09 12:37:13.672445 2026] [php:warn] [pid 10740:tid 1908] [client ::1:54931] PHP Warning:  Undefined array key "nom_dir" in C:\\Users\\luissaavaz\\Desktop\\efdesarrolloweb\\Servidor\\htdocs\\funciones\\direcciones.php on line 73, referer: http://localhost/funciones/perfil.php
[Tue Jun 09 12:37:13.672445 2026] [php:warn] [pid 10740:tid 1908] [client ::1:54931] PHP Warning:  Undefined array key "id_cla" in C:\\Users\\luissaavaz\\Desktop\\efdesarrolloweb\\Servidor\\htdocs\\funciones\\direcciones.php on line 72, referer: http://localhost/funciones/perfil.php
[Tue Jun 09 12:37:13.672445 2026] [php:warn] [pid 10740:tid 1908] [client ::1:54931] PHP Warning:  Undefined array key "nom_dir" in C:\\Users\\luissaavaz\\Desktop\\efdesarrolloweb\\Servidor\\htdocs\\funciones\\direcciones.php on line 73, referer: http://localhost/funciones/perfil.php
[Tue Jun 09 12:37:13.672445 2026] [php:warn] [pid 10740:tid 1908] [client ::1:54931] PHP Warning:  Undefined array key "id_cla" in C:\\Users\\luissaavaz\\Desktop\\efdesarrolloweb\\Servidor\\htdocs\\funciones\\direcciones.php on line 72, referer: http://localhost/funciones/perfil.php
[Tue Jun 09 12:37:13.672445 2026] [php:warn] [pid 10740:tid 1908] [client ::1:54931] PHP Warning:  Undefined array key "nom_dir" in C:\\Users\\luissaavaz\\Desktop\\efdesarrolloweb\\Servidor\\htdocs\\funciones\\direcciones.php on line 73, referer: http://localhost/funciones/perfil.php
[Tue Jun 09 12:37:13.672445 2026] [php:warn] [pid 10740:tid 1908] [client ::1:54931] PHP Warning:  Undefined array key "id_cla" in C:\\Users\\luissaavaz\\Desktop\\efdesarrolloweb\\Servidor\\htdocs\\funciones\\direcciones.php on line 72, referer: http://localhost/funciones/perfil.php
[Tue Jun 09 12:37:13.672445 2026] [php:warn] [pid 10740:tid 1908] [client ::1:54931] PHP Warning:  Undefined array key "nom_dir" in C:\\Users\\luissaavaz\\Desktop\\efdesarrolloweb\\Servidor\\htdocs\\funciones\\direcciones.php on line 73, referer: http://localhost/funciones/perfil.php
[Tue Jun 09 12:37:13.672445 2026] [php:warn] [pid 10740:tid 1908] [client ::1:54931] PHP Warning:  Undefined array key "id_cla" in C:\\Users\\luissaavaz\\Desktop\\efdesarrolloweb\\Servidor\\htdocs\\funciones\\direcciones.php on line 72, referer: http://localhost/funciones/perfil.php
[Tue Jun 09 12:37:13.672445 2026] [php:warn] [pid 10740:tid 1908] [client ::1:54931] PHP Warning:  Undefined array key "nom_dir" in C:\\Users\\luissaavaz\\Desktop\\efdesarrolloweb\\Servidor\\htdocs\\funciones\\direcciones.php on line 73, referer: http://localhost/funciones/perfil.php
[Tue Jun 09 12:37:27.605729 2026] [php:warn] [pid 10740:tid 1908] [client ::1:53497] PHP Warning:  Undefined array key "nom_dir" in C:\\Users\\luissaavaz\\Desktop\\efdesarrolloweb\\Servidor\\htdocs\\funciones\\direcciones.php on line 73, referer: http://localhost/funciones/perfil.php
[Tue Jun 09 12:37:27.605729 2026] [php:warn] [pid 10740:tid 1908] [client ::1:53497] PHP Warning:  Undefined array key "nom_dir" in C:\\Users\\luissaavaz\\Desktop\\efdesarrolloweb\\Servidor\\htdocs\\funciones\\direcciones.php on line 73, referer: http://localhost/funciones/perfil.php
[Tue Jun 09 12:37:27.605729 2026] [php:warn] [pid 10740:tid 1908] [client ::1:53497] PHP Warning:  Undefined array key "nom_dir" in C:\\Users\\luissaavaz\\Desktop\\efdesarrolloweb\\Servidor\\htdocs\\funciones\\direcciones.php on line 73, referer: http://localhost/funciones/perfil.php
[Tue Jun 09 12:37:27.605729 2026] [php:warn] [pid 10740:tid 1908] [client ::1:53497] PHP Warning:  Undefined array key "nom_dir" in C:\\Users\\luissaavaz\\Desktop\\efdesarrolloweb\\Servidor\\htdocs\\funciones\\direcciones.php on line 73, referer: http://localhost/funciones/perfil.php
[Tue Jun 09 12:37:27.605729 2026] [php:warn] [pid 10740:tid 1908] [client ::1:53497] PHP Warning:  Undefined array key "nom_dir" in C:\\Users\\luissaavaz\\Desktop\\efdesarrolloweb\\Servidor\\htdocs\\funciones\\direcciones.php on line 73, referer: http://localhost/funciones/perfil.php
[Tue Jun 09 12:37:27.605729 2026] [php:warn] [pid 10740:tid 1908] [client ::1:53497] PHP Warning:  Undefined array key "nom_dir" in C:\\Users\\luissaavaz\\Desktop\\efdesarrolloweb\\Servidor\\htdocs\\funciones\\direcciones.php on line 73, referer: http://localhost/funciones/perfil.php
[Tue Jun 09 12:37:27.605729 2026] [php:warn] [pid 10740:tid 1908] [client ::1:53497] PHP Warning:  Undefined array key "nom_dir" in C:\\Users\\luissaavaz\\Desktop\\efdesarrolloweb\\Servidor\\htdocs\\funciones\\direcciones.php on line 73, referer: http://localhost/funciones/perfil.php
[Tue Jun 09 12:37:27.605729 2026] [php:warn] [pid 10740:tid 1908] [client ::1:53497] PHP Warning:  Undefined array key "nom_dir" in C:\\Users\\luissaavaz\\Desktop\\efdesarrolloweb\\Servidor\\htdocs\\funciones\\direcciones.php on line 73, referer: http://localhost/funciones/perfil.php
[Tue Jun 09 12:37:27.605729 2026] [php:warn] [pid 10740:tid 1908] [client ::1:53497] PHP Warning:  Undefined array key "nom_dir" in C:\\Users\\luissaavaz\\Desktop\\efdesarrolloweb\\Servidor\\htdocs\\funciones\\direcciones.php on line 73, referer: http://localhost/funciones/perfil.php
[Tue Jun 09 12:37:27.605729 2026] [php:warn] [pid 10740:tid 1908] [client ::1:53497] PHP Warning:  Undefined array key "nom_dir" in C:\\Users\\luissaavaz\\Desktop\\efdesarrolloweb\\Servidor\\htdocs\\funciones\\direcciones.php on line 73, referer: http://localhost/funciones/perfil.php
[Tue Jun 09 12:37:27.605729 2026] [php:warn] [pid 10740:tid 1908] [client ::1:53497] PHP Warning:  Undefined array key "nom_dir" in C:\\Users\\luissaavaz\\Desktop\\efdesarrolloweb\\Servidor\\htdocs\\funciones\\direcciones.php on line 73, referer: http://localhost/funciones/perfil.php
[Tue Jun 09 12:37:27.605729 2026] [php:warn] [pid 10740:tid 1908] [client ::1:53497] PHP Warning:  Undefined array key "nom_dir" in C:\\Users\\luissaavaz\\Desktop\\efdesarrolloweb\\Servidor\\htdocs\\funciones\\direcciones.php on line 73, referer: http://localhost/funciones/perfil.php
[Tue Jun 09 12:37:27.605729 2026] [php:warn] [pid 10740:tid 1908] [client ::1:53497] PHP Warning:  Undefined array key "nom_dir" in C:\\Users\\luissaavaz\\Desktop\\efdesarrolloweb\\Servidor\\htdocs\\funciones\\direcciones.php on line 73, referer: http://localhost/funciones/perfil.php
[Tue Jun 09 12:37:27.605729 2026] [php:warn] [pid 10740:tid 1908] [client ::1:53497] PHP Warning:  Undefined array key "nom_dir" in C:\\Users\\luissaavaz\\Desktop\\efdesarrolloweb\\Servidor\\htdocs\\funciones\\direcciones.php on line 73, referer: http://localhost/funciones/perfil.php
[Tue Jun 09 12:37:27.605729 2026] [php:warn] [pid 10740:tid 1908] [client ::1:53497] PHP Warning:  Undefined array key "nom_dir" in C:\\Users\\luissaavaz\\Desktop\\efdesarrolloweb\\Servidor\\htdocs\\funciones\\direcciones.php on line 73, referer: http://localhost/funciones/perfil.php
[Tue Jun 09 12:37:27.605729 2026] [php:warn] [pid 10740:tid 1908] [client ::1:53497] PHP Warning:  Undefined array key "nom_dir" in C:\\Users\\luissaavaz\\Desktop\\efdesarrolloweb\\Servidor\\htdocs\\funciones\\direcciones.php on line 73, referer: http://localhost/funciones/perfil.php
[Tue Jun 09 12:37:27.605729 2026] [php:warn] [pid 10740:tid 1908] [client ::1:53497] PHP Warning:  Undefined array key "nom_dir" in C:\\Users\\luissaavaz\\Desktop\\efdesarrolloweb\\Servidor\\htdocs\\funciones\\direcciones.php on line 73, referer: http://localhost/funciones/perfil.php
[Tue Jun 09 12:37:37.865247 2026] [php:warn] [pid 10740:tid 1908] [client ::1:56959] PHP Warning:  Undefined array key "nom_dir" in C:\\Users\\luissaavaz\\Desktop\\efdesarrolloweb\\Servidor\\htdocs\\funciones\\direcciones.php on line 73
[Tue Jun 09 12:37:37.865247 2026] [php:warn] [pid 10740:tid 1908] [client ::1:56959] PHP Warning:  Undefined array key "nom_dir" in C:\\Users\\luissaavaz\\Desktop\\efdesarrolloweb\\Servidor\\htdocs\\funciones\\direcciones.php on line 73
[Tue Jun 09 12:37:37.865247 2026] [php:warn] [pid 10740:tid 1908] [client ::1:56959] PHP Warning:  Undefined array key "nom_dir" in C:\\Users\\luissaavaz\\Desktop\\efdesarrolloweb\\Servidor\\htdocs\\funciones\\direcciones.php on line 73
[Tue Jun 09 12:37:37.865247 2026] [php:warn] [pid 10740:tid 1908] [client ::1:56959] PHP Warning:  Undefined array key "nom_dir" in C:\\Users\\luissaavaz\\Desktop\\efdesarrolloweb\\Servidor\\htdocs\\funciones\\direcciones.php on line 73
[Tue Jun 09 12:37:37.865247 2026] [php:warn] [pid 10740:tid 1908] [client ::1:56959] PHP Warning:  Undefined array key "nom_dir" in C:\\Users\\luissaavaz\\Desktop\\efdesarrolloweb\\Servidor\\htdocs\\funciones\\direcciones.php on line 73
[Tue Jun 09 12:37:37.865247 2026] [php:warn] [pid 10740:tid 1908] [client ::1:56959] PHP Warning:  Undefined array key "nom_dir" in C:\\Users\\luissaavaz\\Desktop\\efdesarrolloweb\\Servidor\\htdocs\\funciones\\direcciones.php on line 73
[Tue Jun 09 12:37:37.866262 2026] [php:warn] [pid 10740:tid 1908] [client ::1:56959] PHP Warning:  Undefined array key "nom_dir" in C:\\Users\\luissaavaz\\Desktop\\efdesarrolloweb\\Servidor\\htdocs\\funciones\\direcciones.php on line 73
[Tue Jun 09 12:37:37.866262 2026] [php:warn] [pid 10740:tid 1908] [client ::1:56959] PHP Warning:  Undefined array key "nom_dir" in C:\\Users\\luissaavaz\\Desktop\\efdesarrolloweb\\Servidor\\htdocs\\funciones\\direcciones.php on line 73
[Tue Jun 09 12:37:37.866262 2026] [php:warn] [pid 10740:tid 1908] [client ::1:56959] PHP Warning:  Undefined array key "nom_dir" in C:\\Users\\luissaavaz\\Desktop\\efdesarrolloweb\\Servidor\\htdocs\\funciones\\direcciones.php on line 73
[Tue Jun 09 12:37:37.866262 2026] [php:warn] [pid 10740:tid 1908] [client ::1:56959] PHP Warning:  Undefined array key "nom_dir" in C:\\Users\\luissaavaz\\Desktop\\efdesarrolloweb\\Servidor\\htdocs\\funciones\\direcciones.php on line 73
[Tue Jun 09 12:37:37.866262 2026] [php:warn] [pid 10740:tid 1908] [client ::1:56959] PHP Warning:  Undefined array key "nom_dir" in C:\\Users\\luissaavaz\\Desktop\\efdesarrolloweb\\Servidor\\htdocs\\funciones\\direcciones.php on line 73
[Tue Jun 09 12:37:37.866262 2026] [php:warn] [pid 10740:tid 1908] [client ::1:56959] PHP Warning:  Undefined array key "nom_dir" in C:\\Users\\luissaavaz\\Desktop\\efdesarrolloweb\\Servidor\\htdocs\\funciones\\direcciones.php on line 73
[Tue Jun 09 12:37:37.866262 2026] [php:warn] [pid 10740:tid 1908] [client ::1:56959] PHP Warning:  Undefined array key "nom_dir" in C:\\Users\\luissaavaz\\Desktop\\efdesarrolloweb\\Servidor\\htdocs\\funciones\\direcciones.php on line 73
[Tue Jun 09 12:37:37.866262 2026] [php:warn] [pid 10740:tid 1908] [client ::1:56959] PHP Warning:  Undefined array key "nom_dir" in C:\\Users\\luissaavaz\\Desktop\\efdesarrolloweb\\Servidor\\htdocs\\funciones\\direcciones.php on line 73
[Tue Jun 09 12:37:37.866262 2026] [php:warn] [pid 10740:tid 1908] [client ::1:56959] PHP Warning:  Undefined array key "nom_dir" in C:\\Users\\luissaavaz\\Desktop\\efdesarrolloweb\\Servidor\\htdocs\\funciones\\direcciones.php on line 73
[Tue Jun 09 12:37:37.866262 2026] [php:warn] [pid 10740:tid 1908] [client ::1:56959] PHP Warning:  Undefined array key "nom_dir" in C:\\Users\\luissaavaz\\Desktop\\efdesarrolloweb\\Servidor\\htdocs\\funciones\\direcciones.php on line 73
[Tue Jun 09 12:37:37.866262 2026] [php:warn] [pid 10740:tid 1908] [client ::1:56959] PHP Warning:  Undefined array key "nom_dir" in C:\\Users\\luissaavaz\\Desktop\\efdesarrolloweb\\Servidor\\htdocs\\funciones\\direcciones.php on line 73
[Tue Jun 09 13:33:49.651773 2026] [php:warn] [pid 10740:tid 1908] [client ::1:55825] PHP Warning:  Undefined array key "martes9" in C:\\Users\\luissaavaz\\Desktop\\efdesarrolloweb\\Servidor\\htdocs\\funciones\\direcciones.php on line 9
[Tue Jun 09 13:33:49.651773 2026] [php:warn] [pid 10740:tid 1908] [client ::1:55825] PHP Warning:  Trying to access array offset on value of type null in C:\\Users\\luissaavaz\\Desktop\\efdesarrolloweb\\Servidor\\htdocs\\funciones\\direcciones.php on line 9
[Tue Jun 09 13:52:29.396020 2026] [php:warn] [pid 10740:tid 1908] [client ::1:60292] PHP Warning:  Undefined variable $con in C:\\Users\\luissaavaz\\Desktop\\efdesarrolloweb\\Servidor\\htdocs\\funciones\\direcciones.php on line 72, referer: http://localhost/funciones/index.php
[Tue Jun 09 13:52:29.402432 2026] [php:error] [pid 10740:tid 1908] [client ::1:60292] PHP Fatal error:  Uncaught Error: Call to a member function query() on null in C:\\Users\\luissaavaz\\Desktop\\efdesarrolloweb\\Servidor\\htdocs\\funciones\\direcciones.php:72\nStack trace:\n#0 {main}\n  thrown in C:\\Users\\luissaavaz\\Desktop\\efdesarrolloweb\\Servidor\\htdocs\\funciones\\direcciones.php on line 72, referer: http://localhost/funciones/index.php
[Tue Jun 09 13:52:52.638698 2026] [php:warn] [pid 10740:tid 1908] [client ::1:57264] PHP Warning:  Undefined variable $con in C:\\Users\\luissaavaz\\Desktop\\efdesarrolloweb\\Servidor\\htdocs\\funciones\\direcciones.php on line 72, referer: http://localhost/funciones/index.php
[Tue Jun 09 13:52:52.638698 2026] [php:error] [pid 10740:tid 1908] [client ::1:57264] PHP Fatal error:  Uncaught Error: Call to a member function query() on null in C:\\Users\\luissaavaz\\Desktop\\efdesarrolloweb\\Servidor\\htdocs\\funciones\\direcciones.php:72\nStack trace:\n#0 {main}\n  thrown in C:\\Users\\luissaavaz\\Desktop\\efdesarrolloweb\\Servidor\\htdocs\\funciones\\direcciones.php on line 72, referer: http://localhost/funciones/index.php
[Tue Jun 09 13:52:55.532150 2026] [php:warn] [pid 10740:tid 1908] [client ::1:57264] PHP Warning:  Undefined variable $con in C:\\Users\\luissaavaz\\Desktop\\efdesarrolloweb\\Servidor\\htdocs\\funciones\\direcciones.php on line 72
[Tue Jun 09 13:52:55.532150 2026] [php:error] [pid 10740:tid 1908] [client ::1:57264] PHP Fatal error:  Uncaught Error: Call to a member function query() on null in C:\\Users\\luissaavaz\\Desktop\\efdesarrolloweb\\Servidor\\htdocs\\funciones\\direcciones.php:72\nStack trace:\n#0 {main}\n  thrown in C:\\Users\\luissaavaz\\Desktop\\efdesarrolloweb\\Servidor\\htdocs\\funciones\\direcciones.php on line 72
[Tue Jun 09 13:53:24.545289 2026] [php:warn] [pid 10740:tid 1908] [client ::1:55785] PHP Warning:  Undefined variable $con in C:\\Users\\luissaavaz\\Desktop\\efdesarrolloweb\\Servidor\\htdocs\\funciones\\direcciones.php on line 72
[Tue Jun 09 13:53:24.545289 2026] [php:error] [pid 10740:tid 1908] [client ::1:55785] PHP Fatal error:  Uncaught Error: Call to a member function query() on null in C:\\Users\\luissaavaz\\Desktop\\efdesarrolloweb\\Servidor\\htdocs\\funciones\\direcciones.php:72\nStack trace:\n#0 {main}\n  thrown in C:\\Users\\luissaavaz\\Desktop\\efdesarrolloweb\\Servidor\\htdocs\\funciones\\direcciones.php on line 72
[Tue Jun 09 13:53:27.134237 2026] [php:warn] [pid 10740:tid 1908] [client ::1:55785] PHP Warning:  Undefined variable $con in C:\\Users\\luissaavaz\\Desktop\\efdesarrolloweb\\Servidor\\htdocs\\funciones\\direcciones.php on line 72
[Tue Jun 09 13:53:27.134237 2026] [php:error] [pid 10740:tid 1908] [client ::1:55785] PHP Fatal error:  Uncaught Error: Call to a member function query() on null in C:\\Users\\luissaavaz\\Desktop\\efdesarrolloweb\\Servidor\\htdocs\\funciones\\direcciones.php:72\nStack trace:\n#0 {main}\n  thrown in C:\\Users\\luissaavaz\\Desktop\\efdesarrolloweb\\Servidor\\htdocs\\funciones\\direcciones.php on line 72
[Tue Jun 09 13:53:31.684836 2026] [php:warn] [pid 10740:tid 1908] [client ::1:55785] PHP Warning:  Undefined variable $con in C:\\Users\\luissaavaz\\Desktop\\efdesarrolloweb\\Servidor\\htdocs\\funciones\\direcciones.php on line 72
[Tue Jun 09 13:53:31.685938 2026] [php:error] [pid 10740:tid 1908] [client ::1:55785] PHP Fatal error:  Uncaught Error: Call to a member function query() on null in C:\\Users\\luissaavaz\\Desktop\\efdesarrolloweb\\Servidor\\htdocs\\funciones\\direcciones.php:72\nStack trace:\n#0 {main}\n  thrown in C:\\Users\\luissaavaz\\Desktop\\efdesarrolloweb\\Servidor\\htdocs\\funciones\\direcciones.php on line 72
[Tue Jun 09 13:53:34.055618 2026] [php:warn] [pid 10740:tid 1908] [client ::1:55785] PHP Warning:  Undefined variable $con in C:\\Users\\luissaavaz\\Desktop\\efdesarrolloweb\\Servidor\\htdocs\\funciones\\direcciones.php on line 72
[Tue Jun 09 13:53:34.055618 2026] [php:error] [pid 10740:tid 1908] [client ::1:55785] PHP Fatal error:  Uncaught Error: Call to a member function query() on null in C:\\Users\\luissaavaz\\Desktop\\efdesarrolloweb\\Servidor\\htdocs\\funciones\\direcciones.php:72\nStack trace:\n#0 {main}\n  thrown in C:\\Users\\luissaavaz\\Desktop\\efdesarrolloweb\\Servidor\\htdocs\\funciones\\direcciones.php on line 72
[Tue Jun 09 13:53:59.574168 2026] [php:warn] [pid 10740:tid 1908] [client ::1:57824] PHP Warning:  Undefined variable $con in C:\\Users\\luissaavaz\\Desktop\\efdesarrolloweb\\Servidor\\htdocs\\funciones\\direcciones.php on line 72
[Tue Jun 09 13:53:59.574168 2026] [php:error] [pid 10740:tid 1908] [client ::1:57824] PHP Fatal error:  Uncaught Error: Call to a member function query() on null in C:\\Users\\luissaavaz\\Desktop\\efdesarrolloweb\\Servidor\\htdocs\\funciones\\direcciones.php:72\nStack trace:\n#0 {main}\n  thrown in C:\\Users\\luissaavaz\\Desktop\\efdesarrolloweb\\Servidor\\htdocs\\funciones\\direcciones.php on line 72
[Tue Jun 09 13:54:02.108553 2026] [php:warn] [pid 10740:tid 1908] [client ::1:57824] PHP Warning:  Undefined variable $con in C:\\Users\\luissaavaz\\Desktop\\efdesarrolloweb\\Servidor\\htdocs\\funciones\\direcciones.php on line 72
[Tue Jun 09 13:54:02.109560 2026] [php:error] [pid 10740:tid 1908] [client ::1:57824] PHP Fatal error:  Uncaught Error: Call to a member function query() on null in C:\\Users\\luissaavaz\\Desktop\\efdesarrolloweb\\Servidor\\htdocs\\funciones\\direcciones.php:72\nStack trace:\n#0 {main}\n  thrown in C:\\Users\\luissaavaz\\Desktop\\efdesarrolloweb\\Servidor\\htdocs\\funciones\\direcciones.php on line 72
[Tue Jun 09 13:54:10.392703 2026] [php:warn] [pid 10740:tid 1908] [client ::1:49673] PHP Warning:  Undefined variable $con in C:\\Users\\luissaavaz\\Desktop\\efdesarrolloweb\\Servidor\\htdocs\\funciones\\direcciones.php on line 72
[Tue Jun 09 13:54:10.392703 2026] [php:error] [pid 10740:tid 1908] [client ::1:49673] PHP Fatal error:  Uncaught Error: Call to a member function query() on null in C:\\Users\\luissaavaz\\Desktop\\efdesarrolloweb\\Servidor\\htdocs\\funciones\\direcciones.php:72\nStack trace:\n#0 {main}\n  thrown in C:\\Users\\luissaavaz\\Desktop\\efdesarrolloweb\\Servidor\\htdocs\\funciones\\direcciones.php on line 72
[Tue Jun 09 13:54:10.901304 2026] [php:warn] [pid 10740:tid 1908] [client ::1:49673] PHP Warning:  Undefined variable $con in C:\\Users\\luissaavaz\\Desktop\\efdesarrolloweb\\Servidor\\htdocs\\funciones\\direcciones.php on line 72
[Tue Jun 09 13:54:10.901304 2026] [php:error] [pid 10740:tid 1908] [client ::1:49673] PHP Fatal error:  Uncaught Error: Call to a member function query() on null in C:\\Users\\luissaavaz\\Desktop\\efdesarrolloweb\\Servidor\\htdocs\\funciones\\direcciones.php:72\nStack trace:\n#0 {main}\n  thrown in C:\\Users\\luissaavaz\\Desktop\\efdesarrolloweb\\Servidor\\htdocs\\funciones\\direcciones.php on line 72
[Tue Jun 09 13:55:51.016811 2026] [php:warn] [pid 10740:tid 1908] [client ::1:64055] PHP Warning:  Undefined variable $con in C:\\Users\\luissaavaz\\Desktop\\efdesarrolloweb\\Servidor\\htdocs\\funciones\\direcciones.php on line 71
[Tue Jun 09 13:55:51.016811 2026] [php:error] [pid 10740:tid 1908] [client ::1:64055] PHP Fatal error:  Uncaught Error: Call to a member function query() on null in C:\\Users\\luissaavaz\\Desktop\\efdesarrolloweb\\Servidor\\htdocs\\funciones\\direcciones.php:71\nStack trace:\n#0 {main}\n  thrown in C:\\Users\\luissaavaz\\Desktop\\efdesarrolloweb\\Servidor\\htdocs\\funciones\\direcciones.php on line 71
[Tue Jun 09 13:55:54.613375 2026] [php:warn] [pid 10740:tid 1908] [client ::1:64055] PHP Warning:  Undefined variable $con in C:\\Users\\luissaavaz\\Desktop\\efdesarrolloweb\\Servidor\\htdocs\\funciones\\direcciones.php on line 71
[Tue Jun 09 13:55:54.614452 2026] [php:error] [pid 10740:tid 1908] [client ::1:64055] PHP Fatal error:  Uncaught Error: Call to a member function query() on null in C:\\Users\\luissaavaz\\Desktop\\efdesarrolloweb\\Servidor\\htdocs\\funciones\\direcciones.php:71\nStack trace:\n#0 {main}\n  thrown in C:\\Users\\luissaavaz\\Desktop\\efdesarrolloweb\\Servidor\\htdocs\\funciones\\direcciones.php on line 71
[Tue Jun 09 13:56:01.800116 2026] [php:warn] [pid 10740:tid 1908] [client ::1:56780] PHP Warning:  Undefined variable $con in C:\\Users\\luissaavaz\\Desktop\\efdesarrolloweb\\Servidor\\htdocs\\funciones\\direcciones.php on line 71
[Tue Jun 09 13:56:01.800116 2026] [php:error] [pid 10740:tid 1908] [client ::1:56780] PHP Fatal error:  Uncaught Error: Call to a member function query() on null in C:\\Users\\luissaavaz\\Desktop\\efdesarrolloweb\\Servidor\\htdocs\\funciones\\direcciones.php:71\nStack trace:\n#0 {main}\n  thrown in C:\\Users\\luissaavaz\\Desktop\\efdesarrolloweb\\Servidor\\htdocs\\funciones\\direcciones.php on line 71
[Tue Jun 09 13:56:04.312472 2026] [php:warn] [pid 10740:tid 1908] [client ::1:56780] PHP Warning:  Undefined variable $con in C:\\Users\\luissaavaz\\Desktop\\efdesarrolloweb\\Servidor\\htdocs\\funciones\\direcciones.php on line 71, referer: http://localhost/funciones/perfil.php
[Tue Jun 09 13:56:04.312472 2026] [php:error] [pid 10740:tid 1908] [client ::1:56780] PHP Fatal error:  Uncaught Error: Call to a member function query() on null in C:\\Users\\luissaavaz\\Desktop\\efdesarrolloweb\\Servidor\\htdocs\\funciones\\direcciones.php:71\nStack trace:\n#0 {main}\n  thrown in C:\\Users\\luissaavaz\\Desktop\\efdesarrolloweb\\Servidor\\htdocs\\funciones\\direcciones.php on line 71, referer: http://localhost/funciones/perfil.php
